<?xml version="1.0" encoding="UTF-8" standalone="no"?>
<!DOCTYPE log SYSTEM "logger.dtd">
<log>
<record>
  <date>2017-05-16T22:26:28</date>
  <millis>1494966388053</millis>
  <sequence>4</sequence>
  <logger>ESPlorer.ESPlorer</logger>
  <level>INFO</level>
  <class>ESPlorer.ESPlorer</class>
  <method>log</method>
  <thread>15</thread>
  <message>Load saved settings: Firmware:NodeMCU</message>
</record>
<record>
  <date>2017-05-16T22:26:28</date>
  <millis>1494966388272</millis>
  <sequence>5</sequence>
  <logger>ESPlorer.ESPlorer</logger>
  <level>INFO</level>
  <class>ESPlorer.ESPlorer</class>
  <method>log</method>
  <thread>15</thread>
  <message>Snippets: loading...</message>
</record>
<record>
  <date>2017-05-16T22:26:28</date>
  <millis>1494966388303</millis>
  <sequence>6</sequence>
  <logger>ESPlorer.ESPlorer</logger>
  <level>INFO</level>
  <class>ESPlorer.ESPlorer</class>
  <method>log</method>
  <thread>15</thread>
  <message>Snippets load: Success.</message>
</record>
<record>
  <date>2017-05-16T22:26:28</date>
  <millis>1494966388435</millis>
  <sequence>7</sequence>
  <logger>ESPlorer.ESPlorer</logger>
  <level>INFO</level>
  <class>ESPlorer.ESPlorer</class>
  <method>log</method>
  <thread>15</thread>
  <message>Set new color theme: Success.</message>
</record>
<record>
  <date>2017-05-16T22:26:28</date>
  <millis>1494966388447</millis>
  <sequence>8</sequence>
  <logger>ESPlorer.ESPlorer</logger>
  <level>INFO</level>
  <class>ESPlorer.ESPlorer</class>
  <method>log</method>
  <thread>15</thread>
  <message>Load saved settings: DONE.</message>
</record>
<record>
  <date>2017-05-16T22:26:28</date>
  <millis>1494966388454</millis>
  <sequence>9</sequence>
  <logger>ESPlorer.ESPlorer</logger>
  <level>INFO</level>
  <class>ESPlorer.ESPlorer</class>
  <method>log</method>
  <thread>15</thread>
  <message>Snippets: loading...</message>
</record>
<record>
  <date>2017-05-16T22:26:28</date>
  <millis>1494966388458</millis>
  <sequence>10</sequence>
  <logger>ESPlorer.ESPlorer</logger>
  <level>INFO</level>
  <class>ESPlorer.ESPlorer</class>
  <method>log</method>
  <thread>15</thread>
  <message>Snippets load: Success.</message>
</record>
<record>
  <date>2017-05-16T22:26:29</date>
  <millis>1494966389033</millis>
  <sequence>11</sequence>
  <logger>ESPlorer.ESPlorer</logger>
  <level>INFO</level>
  <class>ESPlorer.ESPlorer</class>
  <method>log</method>
  <thread>15</thread>
  <message>Scan system...</message>
</record>
<record>
  <date>2017-05-16T22:26:29</date>
  <millis>1494966389423</millis>
  <sequence>12</sequence>
  <logger>ESPlorer.ESPlorer</logger>
  <level>INFO</level>
  <class>ESPlorer.ESPlorer</class>
  <method>log</method>
  <thread>15</thread>
  <message>found /dev/ttyACM0</message>
</record>
<record>
  <date>2017-05-16T22:26:29</date>
  <millis>1494966389428</millis>
  <sequence>13</sequence>
  <logger>ESPlorer.ESPlorer</logger>
  <level>INFO</level>
  <class>ESPlorer.ESPlorer</class>
  <method>log</method>
  <thread>15</thread>
  <message>found /dev/ttyACM1</message>
</record>
<record>
  <date>2017-05-16T22:26:29</date>
  <millis>1494966389439</millis>
  <sequence>14</sequence>
  <logger>ESPlorer.ESPlorer</logger>
  <level>INFO</level>
  <class>ESPlorer.ESPlorer</class>
  <method>log</method>
  <thread>15</thread>
  <message>found /dev/ttyACM2</message>
</record>
<record>
  <date>2017-05-16T22:26:29</date>
  <millis>1494966389464</millis>
  <sequence>15</sequence>
  <logger>ESPlorer.ESPlorer</logger>
  <level>INFO</level>
  <class>ESPlorer.ESPlorer</class>
  <method>log</method>
  <thread>15</thread>
  <message>found last saved serial port /dev/ttyUSB0</message>
</record>
<record>
  <date>2017-05-16T22:26:29</date>
  <millis>1494966389474</millis>
  <sequence>16</sequence>
  <logger>ESPlorer.ESPlorer</logger>
  <level>INFO</level>
  <class>ESPlorer.ESPlorer</class>
  <method>log</method>
  <thread>15</thread>
  <message>Scan done.</message>
</record>
<record>
  <date>2017-05-16T22:33:15</date>
  <millis>1494966795306</millis>
  <sequence>17</sequence>
  <logger>ESPlorer.ESPlorer</logger>
  <level>INFO</level>
  <class>ESPlorer.ESPlorer</class>
  <method>log</method>
  <thread>15</thread>
  <message>Serial port /dev/ttyUSB0 save as default.</message>
</record>
<record>
  <date>2017-05-16T22:33:15</date>
  <millis>1494966795307</millis>
  <sequence>18</sequence>
  <logger>ESPlorer.ESPlorer</logger>
  <level>INFO</level>
  <class>ESPlorer.ESPlorer</class>
  <method>log</method>
  <thread>15</thread>
  <message>Baud rate 115200 save as default.</message>
</record>
<record>
  <date>2017-05-16T22:33:15</date>
  <millis>1494966795309</millis>
  <sequence>19</sequence>
  <logger>ESPlorer.ESPlorer</logger>
  <level>INFO</level>
  <class>ESPlorer.ESPlorer</class>
  <method>log</method>
  <thread>15</thread>
  <message>Try to open port /dev/ttyUSB0, baud 115200, 8N1</message>
</record>
<record>
  <date>2017-05-16T22:33:15</date>
  <millis>1494966795548</millis>
  <sequence>20</sequence>
  <logger>ESPlorer.ESPlorer</logger>
  <level>INFO</level>
  <class>ESPlorer.ESPlorer</class>
  <method>log</method>
  <thread>15</thread>
  <message>Open port /dev/ttyUSB0 - Success.</message>
</record>
<record>
  <date>2017-05-16T22:33:23</date>
  <millis>1494966803658</millis>
  <sequence>21</sequence>
  <logger>ESPlorer.ESPlorer</logger>
  <level>INFO</level>
  <class>ESPlorer.ESPlorer</class>
  <method>log</method>
  <thread>15</thread>
  <message>Close port /dev/ttyUSB0 - Success.</message>
</record>
<record>
  <date>2017-05-16T22:33:29</date>
  <millis>1494966809612</millis>
  <sequence>22</sequence>
  <logger>ESPlorer.ESPlorer</logger>
  <level>INFO</level>
  <class>ESPlorer.ESPlorer</class>
  <method>log</method>
  <thread>15</thread>
  <message>Serial port /dev/ttyUSB0 save as default.</message>
</record>
<record>
  <date>2017-05-16T22:33:29</date>
  <millis>1494966809614</millis>
  <sequence>23</sequence>
  <logger>ESPlorer.ESPlorer</logger>
  <level>INFO</level>
  <class>ESPlorer.ESPlorer</class>
  <method>log</method>
  <thread>15</thread>
  <message>Baud rate 115200 save as default.</message>
</record>
<record>
  <date>2017-05-16T22:33:29</date>
  <millis>1494966809619</millis>
  <sequence>24</sequence>
  <logger>ESPlorer.ESPlorer</logger>
  <level>INFO</level>
  <class>ESPlorer.ESPlorer</class>
  <method>log</method>
  <thread>15</thread>
  <message>Try to open port /dev/ttyUSB0, baud 115200, 8N1</message>
</record>
<record>
  <date>2017-05-16T22:33:29</date>
  <millis>1494966809855</millis>
  <sequence>25</sequence>
  <logger>ESPlorer.ESPlorer</logger>
  <level>INFO</level>
  <class>ESPlorer.ESPlorer</class>
  <method>log</method>
  <thread>15</thread>
  <message>Open port /dev/ttyUSB0 - Success.</message>
</record>
<record>
  <date>2017-05-16T22:33:39</date>
  <millis>1494966819735</millis>
  <sequence>26</sequence>
  <logger>ESPlorer.ESPlorer</logger>
  <level>INFO</level>
  <class>ESPlorer.ESPlorer</class>
  <method>log</method>
  <thread>15</thread>
  <message>Close port /dev/ttyUSB0 - Success.</message>
</record>
<record>
  <date>2017-05-16T22:34:05</date>
  <millis>1494966845189</millis>
  <sequence>27</sequence>
  <logger>ESPlorer.ESPlorer</logger>
  <level>INFO</level>
  <class>ESPlorer.ESPlorer</class>
  <method>log</method>
  <thread>15</thread>
  <message>Serial port /dev/ttyUSB0 save as default.</message>
</record>
<record>
  <date>2017-05-16T22:34:05</date>
  <millis>1494966845190</millis>
  <sequence>28</sequence>
  <logger>ESPlorer.ESPlorer</logger>
  <level>INFO</level>
  <class>ESPlorer.ESPlorer</class>
  <method>log</method>
  <thread>15</thread>
  <message>Baud rate 115200 save as default.</message>
</record>
<record>
  <date>2017-05-16T22:34:05</date>
  <millis>1494966845191</millis>
  <sequence>29</sequence>
  <logger>ESPlorer.ESPlorer</logger>
  <level>INFO</level>
  <class>ESPlorer.ESPlorer</class>
  <method>log</method>
  <thread>15</thread>
  <message>Try to open port /dev/ttyUSB0, baud 115200, 8N1</message>
</record>
<record>
  <date>2017-05-16T22:34:05</date>
  <millis>1494966845423</millis>
  <sequence>30</sequence>
  <logger>ESPlorer.ESPlorer</logger>
  <level>INFO</level>
  <class>ESPlorer.ESPlorer</class>
  <method>log</method>
  <thread>15</thread>
  <message>Open port /dev/ttyUSB0 - Success.</message>
</record>
<record>
  <date>2017-05-16T22:34:06</date>
  <millis>1494966846560</millis>
  <sequence>31</sequence>
  <logger>ESPlorer.ESPlorer</logger>
  <level>INFO</level>
  <class>ESPlorer.ESPlorer</class>
  <method>log</method>
  <thread>15</thread>
  <message>Close port /dev/ttyUSB0 - Success.</message>
</record>
<record>
  <date>2017-05-16T22:34:34</date>
  <millis>1494966874150</millis>
  <sequence>32</sequence>
  <logger>ESPlorer.ESPlorer</logger>
  <level>INFO</level>
  <class>ESPlorer.ESPlorer</class>
  <method>log</method>
  <thread>15</thread>
  <message>Scan system...</message>
</record>
<record>
  <date>2017-05-16T22:34:34</date>
  <millis>1494966874519</millis>
  <sequence>33</sequence>
  <logger>ESPlorer.ESPlorer</logger>
  <level>INFO</level>
  <class>ESPlorer.ESPlorer</class>
  <method>log</method>
  <thread>15</thread>
  <message>found /dev/ttyACM0</message>
</record>
<record>
  <date>2017-05-16T22:34:34</date>
  <millis>1494966874523</millis>
  <sequence>34</sequence>
  <logger>ESPlorer.ESPlorer</logger>
  <level>INFO</level>
  <class>ESPlorer.ESPlorer</class>
  <method>log</method>
  <thread>15</thread>
  <message>found /dev/ttyACM1</message>
</record>
<record>
  <date>2017-05-16T22:34:34</date>
  <millis>1494966874525</millis>
  <sequence>35</sequence>
  <logger>ESPlorer.ESPlorer</logger>
  <level>INFO</level>
  <class>ESPlorer.ESPlorer</class>
  <method>log</method>
  <thread>15</thread>
  <message>found /dev/ttyACM2</message>
</record>
<record>
  <date>2017-05-16T22:34:34</date>
  <millis>1494966874527</millis>
  <sequence>36</sequence>
  <logger>ESPlorer.ESPlorer</logger>
  <level>INFO</level>
  <class>ESPlorer.ESPlorer</class>
  <method>log</method>
  <thread>15</thread>
  <message>found last saved serial port /dev/ttyUSB0</message>
</record>
<record>
  <date>2017-05-16T22:34:34</date>
  <millis>1494966874530</millis>
  <sequence>37</sequence>
  <logger>ESPlorer.ESPlorer</logger>
  <level>INFO</level>
  <class>ESPlorer.ESPlorer</class>
  <method>log</method>
  <thread>15</thread>
  <message>ERROR: Communication with MCU not established.</message>
</record>
<record>
  <date>2017-05-16T22:34:34</date>
  <millis>1494966874532</millis>
  <sequence>38</sequence>
  <logger>ESPlorer.ESPlorer</logger>
  <level>INFO</level>
  <class>ESPlorer.ESPlorer</class>
  <method>log</method>
  <thread>15</thread>
  <message>Scan done.</message>
</record>
<record>
  <date>2017-05-16T22:34:37</date>
  <millis>1494966877338</millis>
  <sequence>39</sequence>
  <logger>ESPlorer.ESPlorer</logger>
  <level>INFO</level>
  <class>ESPlorer.ESPlorer</class>
  <method>log</method>
  <thread>15</thread>
  <message>Serial port /dev/ttyUSB0 save as default.</message>
</record>
<record>
  <date>2017-05-16T22:34:37</date>
  <millis>1494966877340</millis>
  <sequence>40</sequence>
  <logger>ESPlorer.ESPlorer</logger>
  <level>INFO</level>
  <class>ESPlorer.ESPlorer</class>
  <method>log</method>
  <thread>15</thread>
  <message>Baud rate 115200 save as default.</message>
</record>
<record>
  <date>2017-05-16T22:34:37</date>
  <millis>1494966877342</millis>
  <sequence>41</sequence>
  <logger>ESPlorer.ESPlorer</logger>
  <level>INFO</level>
  <class>ESPlorer.ESPlorer</class>
  <method>log</method>
  <thread>15</thread>
  <message>Try to open port /dev/ttyUSB0, baud 115200, 8N1</message>
</record>
<record>
  <date>2017-05-16T22:34:37</date>
  <millis>1494966877575</millis>
  <sequence>42</sequence>
  <logger>ESPlorer.ESPlorer</logger>
  <level>INFO</level>
  <class>ESPlorer.ESPlorer</class>
  <method>log</method>
  <thread>15</thread>
  <message>Open port /dev/ttyUSB0 - Success.</message>
</record>
<record>
  <date>2017-05-16T22:34:39</date>
  <millis>1494966879928</millis>
  <sequence>43</sequence>
  <logger>ESPlorer.ESPlorer</logger>
  <level>INFO</level>
  <class>ESPlorer.ESPlorer</class>
  <method>log</method>
  <thread>15</thread>
  <message>sending:=node.heap()&lt;CR&gt;&lt;LF&gt;</message>
</record>
<record>
  <date>2017-05-16T22:37:45</date>
  <millis>1494967065562</millis>
  <sequence>44</sequence>
  <logger>ESPlorer.ESPlorer</logger>
  <level>INFO</level>
  <class>ESPlorer.ESPlorer</class>
  <method>log</method>
  <thread>15</thread>
  <message>Try to open file blink.lua</message>
</record>
<record>
  <date>2017-05-16T22:37:45</date>
  <millis>1494967065564</millis>
  <sequence>45</sequence>
  <logger>ESPlorer.ESPlorer</logger>
  <level>INFO</level>
  <class>ESPlorer.ESPlorer</class>
  <method>log</method>
  <thread>15</thread>
  <message>File name: /home/makefu/repos/embedded/esp-workshop/src/blink.lua</message>
</record>
<record>
  <date>2017-05-16T22:37:45</date>
  <millis>1494967065578</millis>
  <sequence>46</sequence>
  <logger>ESPlorer.ESPlorer</logger>
  <level>INFO</level>
  <class>ESPlorer.ESPlorer</class>
  <method>log</method>
  <thread>15</thread>
  <message>Try to load file blink.lua</message>
</record>
<record>
  <date>2017-05-16T22:37:45</date>
  <millis>1494967065749</millis>
  <sequence>47</sequence>
  <logger>ESPlorer.ESPlorer</logger>
  <level>INFO</level>
  <class>ESPlorer.ESPlorer</class>
  <method>log</method>
  <thread>15</thread>
  <message>Loading blink.lua: Success.</message>
</record>
<record>
  <date>2017-05-16T22:37:45</date>
  <millis>1494967065752</millis>
  <sequence>48</sequence>
  <logger>ESPlorer.ESPlorer</logger>
  <level>INFO</level>
  <class>ESPlorer.ESPlorer</class>
  <method>log</method>
  <thread>15</thread>
  <message>Open "blink.lua": Success.</message>
</record>
<record>
  <date>2017-05-16T22:37:56</date>
  <millis>1494967076973</millis>
  <sequence>49</sequence>
  <logger>ESPlorer.ESPlorer</logger>
  <level>INFO</level>
  <class>ESPlorer.ESPlorer</class>
  <method>log</method>
  <thread>15</thread>
  <message>DataSender: start "Smart Mode"</message>
</record>
<record>
  <date>2017-05-16T22:37:56</date>
  <millis>1494967076975</millis>
  <sequence>50</sequence>
  <logger>ESPlorer.ESPlorer</logger>
  <level>INFO</level>
  <class>ESPlorer.ESPlorer</class>
  <method>log</method>
  <thread>15</thread>
  <message>SendToESP: Starting...</message>
</record>
<record>
  <date>2017-05-16T22:37:56</date>
  <millis>1494967076996</millis>
  <sequence>51</sequence>
  <logger>ESPlorer.ESPlorer</logger>
  <level>INFO</level>
  <class>ESPlorer.ESPlorer</class>
  <method>log</method>
  <thread>15</thread>
  <message>0</message>
</record>
<record>
  <date>2017-05-16T22:37:56</date>
  <millis>1494967076997</millis>
  <sequence>52</sequence>
  <logger>ESPlorer.ESPlorer</logger>
  <level>INFO</level>
  <class>ESPlorer.ESPlorer</class>
  <method>log</method>
  <thread>15</thread>
  <message>sending:blink = true&lt;CR&gt;&lt;LF&gt;</message>
</record>
<record>
  <date>2017-05-16T22:37:56</date>
  <millis>1494967076999</millis>
  <sequence>53</sequence>
  <logger>ESPlorer.ESPlorer</logger>
  <level>INFO</level>
  <class>ESPlorer.ESPlorer</class>
  <method>log</method>
  <thread>38</thread>
  <message>recv:blink = </message>
</record>
<record>
  <date>2017-05-16T22:37:57</date>
  <millis>1494967077004</millis>
  <sequence>54</sequence>
  <logger>ESPlorer.ESPlorer</logger>
  <level>INFO</level>
  <class>ESPlorer.ESPlorer</class>
  <method>log</method>
  <thread>38</thread>
  <message>recv:true</message>
</record>
<record>
  <date>2017-05-16T22:37:57</date>
  <millis>1494967077016</millis>
  <sequence>55</sequence>
  <logger>ESPlorer.ESPlorer</logger>
  <level>INFO</level>
  <class>ESPlorer.ESPlorer</class>
  <method>log</method>
  <thread>15</thread>
  <message>1</message>
</record>
<record>
  <date>2017-05-16T22:37:57</date>
  <millis>1494967077017</millis>
  <sequence>56</sequence>
  <logger>ESPlorer.ESPlorer</logger>
  <level>INFO</level>
  <class>ESPlorer.ESPlorer</class>
  <method>log</method>
  <thread>15</thread>
  <message>sending:ws2812.init()&lt;CR&gt;&lt;LF&gt;</message>
</record>
<record>
  <date>2017-05-16T22:37:57</date>
  <millis>1494967077018</millis>
  <sequence>57</sequence>
  <logger>ESPlorer.ESPlorer</logger>
  <level>INFO</level>
  <class>ESPlorer.ESPlorer</class>
  <method>log</method>
  <thread>38</thread>
  <message>recv:ws</message>
</record>
<record>
  <date>2017-05-16T22:37:57</date>
  <millis>1494967077022</millis>
  <sequence>58</sequence>
  <logger>ESPlorer.ESPlorer</logger>
  <level>INFO</level>
  <class>ESPlorer.ESPlorer</class>
  <method>log</method>
  <thread>38</thread>
  <message>recv:2812.init()&lt;CR&gt;&lt;LF&gt;</message>
</record>
<record>
  <date>2017-05-16T22:37:57</date>
  <millis>1494967077024</millis>
  <sequence>59</sequence>
  <logger>ESPlorer.ESPlorer</logger>
  <level>INFO</level>
  <class>ESPlorer.ESPlorer</class>
  <method>log</method>
  <thread>38</thread>
  <message>recv:&gt; </message>
</record>
<record>
  <date>2017-05-16T22:37:57</date>
  <millis>1494967077033</millis>
  <sequence>60</sequence>
  <logger>ESPlorer.ESPlorer</logger>
  <level>INFO</level>
  <class>ESPlorer.ESPlorer</class>
  <method>log</method>
  <thread>15</thread>
  <message>2</message>
</record>
<record>
  <date>2017-05-16T22:37:57</date>
  <millis>1494967077034</millis>
  <sequence>61</sequence>
  <logger>ESPlorer.ESPlorer</logger>
  <level>INFO</level>
  <class>ESPlorer.ESPlorer</class>
  <method>log</method>
  <thread>15</thread>
  <message>sending:tmr.alarm(0,1000, 1, function()&lt;CR&gt;&lt;LF&gt;</message>
</record>
<record>
  <date>2017-05-16T22:37:57</date>
  <millis>1494967077036</millis>
  <sequence>62</sequence>
  <logger>ESPlorer.ESPlorer</logger>
  <level>INFO</level>
  <class>ESPlorer.ESPlorer</class>
  <method>log</method>
  <thread>38</thread>
  <message>recv:t</message>
</record>
<record>
  <date>2017-05-16T22:37:57</date>
  <millis>1494967077038</millis>
  <sequence>63</sequence>
  <logger>ESPlorer.ESPlorer</logger>
  <level>INFO</level>
  <class>ESPlorer.ESPlorer</class>
  <method>log</method>
  <thread>38</thread>
  <message>recv:mr.alarm(0,1000, 1, function()</message>
</record>
<record>
  <date>2017-05-16T22:37:57</date>
  <millis>1494967077041</millis>
  <sequence>64</sequence>
  <logger>ESPlorer.ESPlorer</logger>
  <level>INFO</level>
  <class>ESPlorer.ESPlorer</class>
  <method>log</method>
  <thread>38</thread>
  <message>recv:&lt;CR&gt;&lt;LF&gt;</message>
</record>
<record>
  <date>2017-05-16T22:37:57</date>
  <millis>1494967077045</millis>
  <sequence>65</sequence>
  <logger>ESPlorer.ESPlorer</logger>
  <level>INFO</level>
  <class>ESPlorer.ESPlorer</class>
  <method>log</method>
  <thread>38</thread>
  <message>recv:</message>
</record>
<record>
  <date>2017-05-16T22:37:57</date>
  <millis>1494967077049</millis>
  <sequence>66</sequence>
  <logger>ESPlorer.ESPlorer</logger>
  <level>INFO</level>
  <class>ESPlorer.ESPlorer</class>
  <method>log</method>
  <thread>15</thread>
  <message>3</message>
</record>
<record>
  <date>2017-05-16T22:37:57</date>
  <millis>1494967077050</millis>
  <sequence>67</sequence>
  <logger>ESPlorer.ESPlorer</logger>
  <level>INFO</level>
  <class>ESPlorer.ESPlorer</class>
  <method>log</method>
  <thread>15</thread>
  <message>sending:if blink then&lt;CR&gt;&lt;LF&gt;</message>
</record>
<record>
  <date>2017-05-16T22:37:57</date>
  <millis>1494967077054</millis>
  <sequence>68</sequence>
  <logger>ESPlorer.ESPlorer</logger>
  <level>INFO</level>
  <class>ESPlorer.ESPlorer</class>
  <method>log</method>
  <thread>38</thread>
  <message>recv:if blink t</message>
</record>
<record>
  <date>2017-05-16T22:37:57</date>
  <millis>1494967077056</millis>
  <sequence>69</sequence>
  <logger>ESPlorer.ESPlorer</logger>
  <level>INFO</level>
  <class>ESPlorer.ESPlorer</class>
  <method>log</method>
  <thread>38</thread>
  <message>recv:hen&lt;CR&gt;&lt;LF&gt;</message>
</record>
<record>
  <date>2017-05-16T22:37:57</date>
  <millis>1494967077061</millis>
  <sequence>70</sequence>
  <logger>ESPlorer.ESPlorer</logger>
  <level>INFO</level>
  <class>ESPlorer.ESPlorer</class>
  <method>log</method>
  <thread>38</thread>
  <message>recv:</message>
</record>
<record>
  <date>2017-05-16T22:37:57</date>
  <millis>1494967077068</millis>
  <sequence>71</sequence>
  <logger>ESPlorer.ESPlorer</logger>
  <level>INFO</level>
  <class>ESPlorer.ESPlorer</class>
  <method>log</method>
  <thread>15</thread>
  <message>4</message>
</record>
<record>
  <date>2017-05-16T22:37:57</date>
  <millis>1494967077069</millis>
  <sequence>72</sequence>
  <logger>ESPlorer.ESPlorer</logger>
  <level>INFO</level>
  <class>ESPlorer.ESPlorer</class>
  <method>log</method>
  <thread>15</thread>
  <message>sending:ws2812.write(string.char(0,255,0))&lt;CR&gt;&lt;LF&gt;</message>
</record>
<record>
  <date>2017-05-16T22:37:57</date>
  <millis>1494967077072</millis>
  <sequence>73</sequence>
  <logger>ESPlorer.ESPlorer</logger>
  <level>INFO</level>
  <class>ESPlorer.ESPlorer</class>
  <method>log</method>
  <thread>38</thread>
  <message>recv:ws281</message>
</record>
<record>
  <date>2017-05-16T22:37:57</date>
  <millis>1494967077080</millis>
  <sequence>74</sequence>
  <logger>ESPlorer.ESPlorer</logger>
  <level>INFO</level>
  <class>ESPlorer.ESPlorer</class>
  <method>log</method>
  <thread>38</thread>
  <message>recv:2.write(string.char(0,255,0))&lt;CR&gt;&lt;LF&gt;</message>
</record>
<record>
  <date>2017-05-16T22:37:57</date>
  <millis>1494967077083</millis>
  <sequence>75</sequence>
  <logger>ESPlorer.ESPlorer</logger>
  <level>INFO</level>
  <class>ESPlorer.ESPlorer</class>
  <method>log</method>
  <thread>38</thread>
  <message>recv:</message>
</record>
<record>
  <date>2017-05-16T22:37:57</date>
  <millis>1494967077092</millis>
  <sequence>76</sequence>
  <logger>ESPlorer.ESPlorer</logger>
  <level>INFO</level>
  <class>ESPlorer.ESPlorer</class>
  <method>log</method>
  <thread>15</thread>
  <message>5</message>
</record>
<record>
  <date>2017-05-16T22:37:57</date>
  <millis>1494967077093</millis>
  <sequence>77</sequence>
  <logger>ESPlorer.ESPlorer</logger>
  <level>INFO</level>
  <class>ESPlorer.ESPlorer</class>
  <method>log</method>
  <thread>15</thread>
  <message>sending:else&lt;CR&gt;&lt;LF&gt;</message>
</record>
<record>
  <date>2017-05-16T22:37:57</date>
  <millis>1494967077094</millis>
  <sequence>78</sequence>
  <logger>ESPlorer.ESPlorer</logger>
  <level>INFO</level>
  <class>ESPlorer.ESPlorer</class>
  <method>log</method>
  <thread>38</thread>
  <message>recv:el</message>
</record>
<record>
  <date>2017-05-16T22:37:57</date>
  <millis>1494967077096</millis>
  <sequence>79</sequence>
  <logger>ESPlorer.ESPlorer</logger>
  <level>INFO</level>
  <class>ESPlorer.ESPlorer</class>
  <method>log</method>
  <thread>38</thread>
  <message>recv:se&lt;CR&gt;&lt;LF&gt;</message>
</record>
<record>
  <date>2017-05-16T22:37:57</date>
  <millis>1494967077104</millis>
  <sequence>80</sequence>
  <logger>ESPlorer.ESPlorer</logger>
  <level>INFO</level>
  <class>ESPlorer.ESPlorer</class>
  <method>log</method>
  <thread>38</thread>
  <message>recv:</message>
</record>
<record>
  <date>2017-05-16T22:37:57</date>
  <millis>1494967077110</millis>
  <sequence>81</sequence>
  <logger>ESPlorer.ESPlorer</logger>
  <level>INFO</level>
  <class>ESPlorer.ESPlorer</class>
  <method>log</method>
  <thread>15</thread>
  <message>6</message>
</record>
<record>
  <date>2017-05-16T22:37:57</date>
  <millis>1494967077111</millis>
  <sequence>82</sequence>
  <logger>ESPlorer.ESPlorer</logger>
  <level>INFO</level>
  <class>ESPlorer.ESPlorer</class>
  <method>log</method>
  <thread>15</thread>
  <message>sending:ws2812.write(string.char(255,0,0))&lt;CR&gt;&lt;LF&gt;</message>
</record>
<record>
  <date>2017-05-16T22:37:57</date>
  <millis>1494967077114</millis>
  <sequence>83</sequence>
  <logger>ESPlorer.ESPlorer</logger>
  <level>INFO</level>
  <class>ESPlorer.ESPlorer</class>
  <method>log</method>
  <thread>38</thread>
  <message>recv:w</message>
</record>
<record>
  <date>2017-05-16T22:37:57</date>
  <millis>1494967077118</millis>
  <sequence>84</sequence>
  <logger>ESPlorer.ESPlorer</logger>
  <level>INFO</level>
  <class>ESPlorer.ESPlorer</class>
  <method>log</method>
  <thread>38</thread>
  <message>recv:s2812.write(string.char(255,0,0))&lt;CR&gt;&lt;LF&gt;</message>
</record>
<record>
  <date>2017-05-16T22:37:57</date>
  <millis>1494967077126</millis>
  <sequence>85</sequence>
  <logger>ESPlorer.ESPlorer</logger>
  <level>INFO</level>
  <class>ESPlorer.ESPlorer</class>
  <method>log</method>
  <thread>38</thread>
  <message>recv:</message>
</record>
<record>
  <date>2017-05-16T22:37:57</date>
  <millis>1494967077130</millis>
  <sequence>86</sequence>
  <logger>ESPlorer.ESPlorer</logger>
  <level>INFO</level>
  <class>ESPlorer.ESPlorer</class>
  <method>log</method>
  <thread>15</thread>
  <message>7</message>
</record>
<record>
  <date>2017-05-16T22:37:57</date>
  <millis>1494967077131</millis>
  <sequence>87</sequence>
  <logger>ESPlorer.ESPlorer</logger>
  <level>INFO</level>
  <class>ESPlorer.ESPlorer</class>
  <method>log</method>
  <thread>15</thread>
  <message>sending:end&lt;CR&gt;&lt;LF&gt;</message>
</record>
<record>
  <date>2017-05-16T22:37:57</date>
  <millis>1494967077134</millis>
  <sequence>88</sequence>
  <logger>ESPlorer.ESPlorer</logger>
  <level>INFO</level>
  <class>ESPlorer.ESPlorer</class>
  <method>log</method>
  <thread>38</thread>
  <message>recv:en</message>
</record>
<record>
  <date>2017-05-16T22:37:57</date>
  <millis>1494967077136</millis>
  <sequence>89</sequence>
  <logger>ESPlorer.ESPlorer</logger>
  <level>INFO</level>
  <class>ESPlorer.ESPlorer</class>
  <method>log</method>
  <thread>38</thread>
  <message>recv:d&lt;CR&gt;&lt;LF&gt;</message>
</record>
<record>
  <date>2017-05-16T22:37:57</date>
  <millis>1494967077143</millis>
  <sequence>90</sequence>
  <logger>ESPlorer.ESPlorer</logger>
  <level>INFO</level>
  <class>ESPlorer.ESPlorer</class>
  <method>log</method>
  <thread>38</thread>
  <message>recv:</message>
</record>
<record>
  <date>2017-05-16T22:37:57</date>
  <millis>1494967077145</millis>
  <sequence>91</sequence>
  <logger>ESPlorer.ESPlorer</logger>
  <level>INFO</level>
  <class>ESPlorer.ESPlorer</class>
  <method>log</method>
  <thread>38</thread>
  <message>recv: </message>
</record>
<record>
  <date>2017-05-16T22:37:57</date>
  <millis>1494967077148</millis>
  <sequence>92</sequence>
  <logger>ESPlorer.ESPlorer</logger>
  <level>INFO</level>
  <class>ESPlorer.ESPlorer</class>
  <method>log</method>
  <thread>15</thread>
  <message>8</message>
</record>
<record>
  <date>2017-05-16T22:37:57</date>
  <millis>1494967077149</millis>
  <sequence>93</sequence>
  <logger>ESPlorer.ESPlorer</logger>
  <level>INFO</level>
  <class>ESPlorer.ESPlorer</class>
  <method>log</method>
  <thread>15</thread>
  <message>sending:blink = not blink&lt;CR&gt;&lt;LF&gt;</message>
</record>
<record>
  <date>2017-05-16T22:37:57</date>
  <millis>1494967077150</millis>
  <sequence>94</sequence>
  <logger>ESPlorer.ESPlorer</logger>
  <level>INFO</level>
  <class>ESPlorer.ESPlorer</class>
  <method>log</method>
  <thread>38</thread>
  <message>recv:blin</message>
</record>
<record>
  <date>2017-05-16T22:37:57</date>
  <millis>1494967077154</millis>
  <sequence>95</sequence>
  <logger>ESPlorer.ESPlorer</logger>
  <level>INFO</level>
  <class>ESPlorer.ESPlorer</class>
  <method>log</method>
  <thread>38</thread>
  <message>recv:k = not blink&lt;CR&gt;&lt;LF&gt;</message>
</record>
<record>
  <date>2017-05-16T22:37:57</date>
  <millis>1494967077161</millis>
  <sequence>96</sequence>
  <logger>ESPlorer.ESPlorer</logger>
  <level>INFO</level>
  <class>ESPlorer.ESPlorer</class>
  <method>log</method>
  <thread>38</thread>
  <message>recv:</message>
</record>
<record>
  <date>2017-05-16T22:37:57</date>
  <millis>1494967077165</millis>
  <sequence>97</sequence>
  <logger>ESPlorer.ESPlorer</logger>
  <level>INFO</level>
  <class>ESPlorer.ESPlorer</class>
  <method>log</method>
  <thread>15</thread>
  <message>9</message>
</record>
<record>
  <date>2017-05-16T22:37:57</date>
  <millis>1494967077166</millis>
  <sequence>98</sequence>
  <logger>ESPlorer.ESPlorer</logger>
  <level>INFO</level>
  <class>ESPlorer.ESPlorer</class>
  <method>log</method>
  <thread>15</thread>
  <message>sending:end)&lt;CR&gt;&lt;LF&gt;</message>
</record>
<record>
  <date>2017-05-16T22:37:57</date>
  <millis>1494967077168</millis>
  <sequence>99</sequence>
  <logger>ESPlorer.ESPlorer</logger>
  <level>INFO</level>
  <class>ESPlorer.ESPlorer</class>
  <method>log</method>
  <thread>38</thread>
  <message>recv:end)&lt;CR&gt;&lt;LF&gt;</message>
</record>
<record>
  <date>2017-05-16T22:37:57</date>
  <millis>1494967077202</millis>
  <sequence>100</sequence>
  <logger>ESPlorer.ESPlorer</logger>
  <level>INFO</level>
  <class>ESPlorer.ESPlorer</class>
  <method>log</method>
  <thread>38</thread>
  <message>Operation done. Duration = 234 ms</message>
</record>
<record>
  <date>2017-05-16T22:38:16</date>
  <millis>1494967096604</millis>
  <sequence>101</sequence>
  <logger>ESPlorer.ESPlorer</logger>
  <level>INFO</level>
  <class>ESPlorer.ESPlorer</class>
  <method>log</method>
  <thread>15</thread>
  <message>FileTab cleared: Success.</message>
</record>
<record>
  <date>2017-05-16T22:38:16</date>
  <millis>1494967096605</millis>
  <sequence>102</sequence>
  <logger>ESPlorer.ESPlorer</logger>
  <level>INFO</level>
  <class>ESPlorer.ESPlorer</class>
  <method>log</method>
  <thread>15</thread>
  <message>File close: Success.</message>
</record>
</log>
